<?xml version="1.0" encoding="UTF-8"?>
<!-- Generated by org.testng.reporters.JUnitReportReporter -->
<testsuite hostname="BDC8-LX-2P6SLC2" name="org.ravi.helloworld.HelloTest" tests="1" failures="0" timestamp="29 Mar 2018 09:55:23 GMT" time="0.001" errors="0">
  <testcase name="f" time="0.001" classname="org.ravi.helloworld.HelloTest"/>
</testsuite> <!-- org.ravi.helloworld.HelloTest -->
